#
# There is insufficient memory for the Java Runtime Environment to continue.
# Native memory allocation (malloc) failed to allocate 932016 bytes for Chunk::new
# Possible reasons:
#   The system is out of physical RAM or swap space
#   In 32 bit mode, the process size limit was hit
# Possible solutions:
#   Reduce memory load on the system
#   Increase physical memory or swap space
#   Check if swap backing store is full
#   Use 64 bit Java on a 64 bit OS
#   Decrease Java heap size (-Xmx/-Xms)
#   Decrease number of Java threads
#   Decrease Java thread stack sizes (-Xss)
#   Set larger code cache with -XX:ReservedCodeCacheSize=
# This output file may be truncated or incomplete.
#
#  Out of Memory Error (allocation.cpp:390), pid=10456, tid=0x0000000000000868
#
# JRE version: OpenJDK Runtime Environment (8.0_112-b06) (build 1.8.0_112-release-b06)
# Java VM: OpenJDK 64-Bit Server VM (25.112-b06 mixed mode windows-amd64 compressed oops)
# Failed to write core dump. Minidumps are not enabled by default on client versions of Windows
#

---------------  T H R E A D  ---------------

Current thread (0x0000000015497000):  JavaThread "C2 CompilerThread0" daemon [_thread_in_native, id=2152, stack(0x0000000016ad0000,0x0000000016bd0000)]

Stack: [0x0000000016ad0000,0x0000000016bd0000]
[error occurred during error reporting (printing stack bounds), id 0xc0000005]

Native frames: (J=compiled Java code, j=interpreted, Vv=VM code, C=native code)


Current CompileTask:
C2:   2051 1290       4       com.android.dx.dex.code.OutputFinisher::addConstants (93 bytes)


---------------  P R O C E S S  ---------------

Java Threads: ( => current thread )
  0x0000000016f41000 JavaThread "pool-1-thread-1" [_thread_in_Java, id=1584, stack(0x00000000190a0000,0x00000000191a0000)]
  0x0000000016ddb800 JavaThread "Service Thread" daemon [_thread_blocked, id=2028, stack(0x00000000171d0000,0x00000000172d0000)]
  0x0000000015492000 JavaThread "C1 CompilerThread2" daemon [_thread_blocked, id=3788, stack(0x0000000016cd0000,0x0000000016dd0000)]
  0x0000000015488000 JavaThread "C2 CompilerThread1" daemon [_thread_in_native, id=1028, stack(0x0000000016bd0000,0x0000000016cd0000)]
=>0x0000000015497000 JavaThread "C2 CompilerThread0" daemon [_thread_in_native, id=2152, stack(0x0000000016ad0000,0x0000000016bd0000)]
  0x0000000015495800 JavaThread "Attach Listener" daemon [_thread_blocked, id=1832, stack(0x00000000169d0000,0x0000000016ad0000)]
  0x0000000015494800 JavaThread "Signal Dispatcher" daemon [_thread_blocked, id=10612, stack(0x00000000168d0000,0x00000000169d0000)]
  0x0000000015478800 JavaThread "Finalizer" daemon [_thread_blocked, id=11136, stack(0x00000000166e0000,0x00000000167e0000)]
  0x0000000002daf000 JavaThread "Reference Handler" daemon [_thread_blocked, id=1552, stack(0x00000000165e0000,0x00000000166e0000)]
  0x0000000002cc0800 JavaThread "main" [_thread_blocked, id=10536, stack(0x0000000002bc0000,0x0000000002cc0000)]

Other Threads:
  0x0000000015456000 VMThread [stack: 0x00000000164e0000,0x00000000165e0000] [id=7548]
  0x0000000016dd0800 WatcherThread [stack: 0x00000000172d0000,0x00000000173d0000] [id=11072]

VM state:not at safepoint (normal execution)

VM Mutex/Monitor currently owned by a thread: None

Heap:
 PSYoungGen      total 37888K, used 15997K [0x00000000eab00000, 0x00000000ed500000, 0x0000000100000000)
  eden space 32768K, 33% used [0x00000000eab00000,0x00000000eb5a1a88,0x00000000ecb00000)
  from space 5120K, 99% used [0x00000000ecb00000,0x00000000ecffdca8,0x00000000ed000000)
  to   space 5120K, 0% used [0x00000000ed000000,0x00000000ed000000,0x00000000ed500000)
 ParOldGen       total 86016K, used 1665K [0x00000000c0000000, 0x00000000c5400000, 0x00000000eab00000)
  object space 86016K, 1% used [0x00000000c0000000,0x00000000c01a0410,0x00000000c5400000)
 Metaspace       used 5987K, capacity 6960K, committed 7040K, reserved 1056768K
  class space    used 580K, capacity 616K, committed 640K, reserved 1048576K

Card table byte_map: [0x0000000012180000,0x0000000012390000] byte_map_base: 0x0000000011b80000

Marking Bits: (ParMarkBitMap*) 0x00000000555d18f0
 Begin Bits: [0x00000000128f0000, 0x00000000138f0000)
 End Bits:   [0x00000000138f0000, 0x00000000148f0000)

Polling page: 0x0000000000ea0000

CodeCache: size=245760Kb used=5276Kb max_used=5289Kb free=240483Kb
 bounds [0x0000000002dc0000, 0x00000000032f0000, 0x0000000011dc0000]
 total_blobs=1559 nmethods=1291 adapters=182
 compilation: enabled

Compilation events (10 events):
Event: 1.935 Thread 0x0000000015497000 1290       4       com.android.dx.dex.code.OutputFinisher::addConstants (93 bytes)
Event: 1.942 Thread 0x0000000015492000 1291  s    3       com.android.dx.dex.file.TypeIdsSection::intern (60 bytes)
Event: 1.942 Thread 0x0000000015492000 nmethod 1291 0x00000000032e4a50 code [0x00000000032e4c60, 0x00000000032e5908]
Event: 1.942 Thread 0x0000000015492000 1292   !   3       com.android.dx.dex.file.MixedItemSection::add (49 bytes)
Event: 1.943 Thread 0x0000000015492000 nmethod 1292 0x00000000032e8450 code [0x00000000032e8660, 0x00000000032e90d8]
Event: 1.943 Thread 0x0000000015492000 1293       3       java.util.HashMap$HashIterator::<init> (79 bytes)
Event: 1.944 Thread 0x0000000015488000 1294       4       java.util.HashMap::putVal (300 bytes)
Event: 1.944 Thread 0x0000000015492000 nmethod 1293 0x00000000032e7dd0 code [0x00000000032e7f40, 0x00000000032e82d0]
Event: 1.952 Thread 0x0000000015488000 nmethod 1294 0x00000000032eeb90 code [0x00000000032eed40, 0x00000000032ef538]
Event: 1.954 Thread 0x0000000015488000 1295       4       com.android.dx.dex.code.OutputFinisher::addConstants (68 bytes)

GC Heap History (2 events):
Event: 1.544 GC heap before
{Heap before GC invocations=1 (full 0):
 PSYoungGen      total 37888K, used 32768K [0x00000000eab00000, 0x00000000ed500000, 0x0000000100000000)
  eden space 32768K, 100% used [0x00000000eab00000,0x00000000ecb00000,0x00000000ecb00000)
  from space 5120K, 0% used [0x00000000ed000000,0x00000000ed000000,0x00000000ed500000)
  to   space 5120K, 0% used [0x00000000ecb00000,0x00000000ecb00000,0x00000000ed000000)
 ParOldGen       total 86016K, used 0K [0x00000000c0000000, 0x00000000c5400000, 0x00000000eab00000)
  object space 86016K, 0% used [0x00000000c0000000,0x00000000c0000000,0x00000000c5400000)
 Metaspace       used 5908K, capacity 6896K, committed 7040K, reserved 1056768K
  class space    used 573K, capacity 616K, committed 640K, reserved 1048576K
Event: 1.565 GC heap after
Heap after GC invocations=1 (full 0):
 PSYoungGen      total 37888K, used 5111K [0x00000000eab00000, 0x00000000ed500000, 0x0000000100000000)
  eden space 32768K, 0% used [0x00000000eab00000,0x00000000eab00000,0x00000000ecb00000)
  from space 5120K, 99% used [0x00000000ecb00000,0x00000000ecffdca8,0x00000000ed000000)
  to   space 5120K, 0% used [0x00000000ed000000,0x00000000ed000000,0x00000000ed500000)
 ParOldGen       total 86016K, used 1665K [0x00000000c0000000, 0x00000000c5400000, 0x00000000eab00000)
  object space 86016K, 1% used [0x00000000c0000000,0x00000000c01a0410,0x00000000c5400000)
 Metaspace       used 5908K, capacity 6896K, committed 7040K, reserved 1056768K
  class space    used 573K, capacity 616K, committed 640K, reserved 1048576K
}

Deoptimization events (10 events):
Event: 1.906 Thread 0x0000000016f41000 Uncommon trap: reason=class_check action=maybe_recompile pc=0x000000000320f218 method=java.util.Arrays.hashCode([Ljava/lang/Object;)I @ 43
Event: 1.906 Thread 0x0000000016f41000 Uncommon trap: reason=class_check action=maybe_recompile pc=0x000000000320f218 method=java.util.Arrays.hashCode([Ljava/lang/Object;)I @ 43
Event: 1.906 Thread 0x0000000016f41000 Uncommon trap: reason=class_check action=maybe_recompile pc=0x000000000320f218 method=java.util.Arrays.hashCode([Ljava/lang/Object;)I @ 43
Event: 1.906 Thread 0x0000000016f41000 Uncommon trap: reason=class_check action=maybe_recompile pc=0x000000000320f218 method=java.util.Arrays.hashCode([Ljava/lang/Object;)I @ 43
Event: 1.906 Thread 0x0000000016f41000 Uncommon trap: reason=class_check action=maybe_recompile pc=0x0000000003201d34 method=java.util.Arrays.hashCode([Ljava/lang/Object;)I @ 43
Event: 1.921 Thread 0x0000000016f41000 Uncommon trap: reason=bimorphic action=maybe_recompile pc=0x0000000002fb3a64 method=java.util.HashMap.getNode(ILjava/lang/Object;)Ljava/util/HashMap$Node; @ 126
Event: 1.921 Thread 0x0000000016f41000 Uncommon trap: reason=class_check action=maybe_recompile pc=0x00000000031fb0e0 method=java.util.HashMap.putVal(ILjava/lang/Object;Ljava/lang/Object;ZZ)Ljava/lang/Object; @ 203
Event: 1.931 Thread 0x0000000016f41000 Uncommon trap: reason=class_check action=maybe_recompile pc=0x00000000031fb0e0 method=java.util.HashMap.putVal(ILjava/lang/Object;Ljava/lang/Object;ZZ)Ljava/lang/Object; @ 203
Event: 1.943 Thread 0x0000000016f41000 Uncommon trap: reason=class_check action=maybe_recompile pc=0x00000000031fb0e0 method=java.util.HashMap.putVal(ILjava/lang/Object;Ljava/lang/Object;ZZ)Ljava/lang/Object; @ 203
Event: 1.944 Thread 0x0000000016f41000 Uncommon trap: reason=class_check action=maybe_recompile pc=0x00000000031fb0e0 method=java.util.HashMap.putVal(ILjava/lang/Object;Ljava/lang/Object;ZZ)Ljava/lang/Object; @ 203

Internal exceptions (4 events):
Event: 0.166 Thread 0x0000000002cc0800 Exception <a 'java/lang/NoSuchMethodError': Method sun.misc.Unsafe.defineClass(Ljava/lang/String;[BII)Ljava/lang/Class; name or signature does not match> (0x00000000eab07c78) thrown at [C:\src\android\AOSP-openjdk\external\jetbrains\jdk\hotspot\src\share\våÀµi@Å?
Event: 0.166 Thread 0x0000000002cc0800 Exception <a 'java/lang/NoSuchMethodError': Method sun.misc.Unsafe.prefetchRead(Ljava/lang/Object;J)V name or signature does not match> (0x00000000eab07f60) thrown at [C:\src\android\AOSP-openjdk\external\jetbrains\jdk\hotspot\src\share\vm\prims\jni.cpp, lñû‰?´Jð?
Event: 1.018 Thread 0x0000000016f4b800 Implicit null exception at 0x00000000030d8b20 to 0x00000000030da365
Event: 1.048 Thread 0x0000000016f2c000 Implicit null exception at 0x00000000030d012c to 0x00000000030d1691

Events (10 events):
Event: 1.922 loading class com/android/dx/dex/file/CatchStructs done
Event: 1.931 Thread 0x0000000016f41000 Uncommon trap: trap_request=0xffffffde fr.pc=0x00000000031fb0e0
Event: 1.931 Thread 0x0000000016f41000 DEOPT PACKING pc=0x00000000031fb0e0 sp=0x000000001919eba0
Event: 1.931 Thread 0x0000000016f41000 DEOPT UNPACKING pc=0x0000000002e0556a sp=0x000000001919eb28 mode 2
Event: 1.943 Thread 0x0000000016f41000 Uncommon trap: trap_request=0xffffffde fr.pc=0x00000000031fb0e0
Event: 1.943 Thread 0x0000000016f41000 DEOPT PACKING pc=0x00000000031fb0e0 sp=0x000000001919eaa0
Event: 1.944 Thread 0x0000000016f41000 DEOPT UNPACKING pc=0x0000000002e0556a sp=0x000000001919ea28 mode 2
Event: 1.944 Thread 0x0000000016f41000 Uncommon trap: trap_request=0xffffffde fr.pc=0x00000000031fb0e0
Event: 1.944 Thread 0x0000000016f41000 DEOPT PACKING pc=0x00000000031fb0e0 sp=0x000000001919eaa0
Event: 1.944 Thread 0x0000000016f41000 DEOPT UNPACKING pc=0x0000000002e0556a sp=0x000000001919ea28 mode 2


Dynamic libraries:
0x00007ff7a4d30000 - 0x00007ff7a4d61000 	D:\cs\android studio\jre\bin\java.exe
0x00007ffe252a0000 - 0x00007ffe25471000 	C:\WINDOWS\SYSTEM32\ntdll.dll
0x00007ffe24380000 - 0x00007ffe2442b000 	C:\WINDOWS\System32\KERNEL32.DLL
0x00007ffe21b80000 - 0x00007ffe21d9d000 	C:\WINDOWS\System32\KERNELBASE.dll
0x00007ffe24bd0000 - 0x00007ffe24c72000 	C:\WINDOWS\System32\ADVAPI32.dll
0x00007ffe24c90000 - 0x00007ffe24d2e000 	C:\WINDOWS\System32\msvcrt.dll
0x00007ffe22830000 - 0x00007ffe22889000 	C:\WINDOWS\System32\sechost.dll
0x00007ffe24da0000 - 0x00007ffe24ec1000 	C:\WINDOWS\System32\RPCRT4.dll
0x00007ffe25130000 - 0x00007ffe25295000 	C:\WINDOWS\System32\USER32.dll
0x00007ffe22530000 - 0x00007ffe2254e000 	C:\WINDOWS\System32\win32u.dll
0x00007ffe24f90000 - 0x00007ffe24fc4000 	C:\WINDOWS\System32\GDI32.dll
0x00007ffe22550000 - 0x00007ffe226d2000 	C:\WINDOWS\System32\gdi32full.dll
0x00007ffe11ad0000 - 0x00007ffe11d4a000 	C:\WINDOWS\WinSxS\amd64_microsoft.windows.common-controls_6595b64144ccf1df_6.0.14393.953_none_42151e83c686086b\COMCTL32.dll
0x00007ffe23e30000 - 0x00007ffe240f8000 	C:\WINDOWS\System32\combase.dll
0x00007ffe226e0000 - 0x00007ffe227d5000 	C:\WINDOWS\System32\ucrtbase.dll
0x00007ffe21840000 - 0x00007ffe218aa000 	C:\WINDOWS\System32\bcryptPrimitives.dll
0x00007ffe22890000 - 0x00007ffe228be000 	C:\WINDOWS\System32\IMM32.DLL
0x0000000054d30000 - 0x0000000054e02000 	D:\cs\android studio\jre\jre\bin\msvcr100.dll
0x0000000054e10000 - 0x000000005564c000 	D:\cs\android studio\jre\jre\bin\server\jvm.dll
0x00007ffe24c80000 - 0x00007ffe24c88000 	C:\WINDOWS\System32\PSAPI.DLL
0x00007ffe10210000 - 0x00007ffe10219000 	C:\WINDOWS\SYSTEM32\WSOCK32.dll
0x00007ffe24b60000 - 0x00007ffe24bca000 	C:\WINDOWS\System32\WS2_32.dll
0x00007ffe1f260000 - 0x00007ffe1f283000 	C:\WINDOWS\SYSTEM32\WINMM.dll
0x00007ffe1c450000 - 0x00007ffe1c45a000 	C:\WINDOWS\SYSTEM32\VERSION.dll
0x00007ffe1ee20000 - 0x00007ffe1ee4b000 	C:\WINDOWS\SYSTEM32\WINMMBASE.dll
0x00007ffe227e0000 - 0x00007ffe22822000 	C:\WINDOWS\System32\cfgmgr32.dll
0x00007ffe1f9f0000 - 0x00007ffe1f9ff000 	D:\cs\android studio\jre\jre\bin\verify.dll
0x00007ffe147f0000 - 0x00007ffe14819000 	D:\cs\android studio\jre\jre\bin\java.dll
0x00007ffe19240000 - 0x00007ffe19256000 	D:\cs\android studio\jre\jre\bin\zip.dll
0x00007ffe22920000 - 0x00007ffe23e28000 	C:\WINDOWS\System32\SHELL32.dll
0x00007ffe21e50000 - 0x00007ffe2252a000 	C:\WINDOWS\System32\windows.storage.dll
0x00007ffe21730000 - 0x00007ffe2177c000 	C:\WINDOWS\System32\powrprof.dll
0x00007ffe228c0000 - 0x00007ffe22912000 	C:\WINDOWS\System32\shlwapi.dll
0x00007ffe21780000 - 0x00007ffe2178f000 	C:\WINDOWS\System32\kernel.appcore.dll
0x00007ffe21da0000 - 0x00007ffe21e49000 	C:\WINDOWS\System32\shcore.dll
0x00007ffe21700000 - 0x00007ffe21714000 	C:\WINDOWS\System32\profapi.dll

VM Arguments:
jvm_args: -Djava.awt.headless=true -Xmx1024M -Dfile.encoding=windows-1252 -Duser.country=US -Duser.language=en -Duser.variant 
java_command: com.android.dx.command.Main --dex --force-jumbo --num-threads=4 --multi-dex --output D:\cs\projects\android\updated_android_admission\admisson\app\build\intermediates\transforms\dex\debug\folders\1000\10000\instant-run_406c7b41dcb7f7ec8dd5b8c3b315fcd41699eae1 D:\cs\projects\android\updated_android_admission\admisson\app\build\intermediates\incremental-runtime-classes\debug\instant-run.jar
java_class_path (initial): C:\Users\User\AppData\Local\Android\Sdk\build-tools\25.0.0\lib\dx.jar
Launcher Type: SUN_STANDARD

Environment Variables:
PATH=C:\Program Files (x86)\Intel\iCLS Client\;C:\Program Files\Intel\iCLS Client\;C:\WINDOWS\system32;C:\WINDOWS;C:\WINDOWS\System32\Wbem;C:\WINDOWS\System32\WindowsPowerShell\v1.0\;C:\Program Files (x86)\NVIDIA Corporation\PhysX\Common;C:\Program Files (x86)\Intel\Intel(R) Management Engine Components\DAL;C:\Program Files\Intel\Intel(R) Management Engine Components\DAL;C:\Program Files (x86)\Intel\Intel(R) Management Engine Components\IPT;C:\Program Files\Intel\Intel(R) Management Engine Components\IPT;C:\Program Files\Git\cmd;C:\Program Files\Microsoft SQL Server\130\Tools\Binn\;C:\WINDOWS\system32\config\systemprofile\.dnx\bin;C:\Program Files\Microsoft DNX\Dnvm\;D:\program files\MikText\miktex\bin\;C:\WINDOWS\system32;C:\WINDOWS;C:\WINDOWS\System32\Wbem;C:\WINDOWS\System32\WindowsPowerShell\v1.0\;C:\Program Files (x86)\MiKTeX 2.9\miktex\bin\;D:\cs\xamp\php;C:\ProgramData\ComposerSetup\bin;D:\cs\anaconda;D:\cs\anaconda\Scripts;D:\cs\anaconda\Library\bin;C:\Users\User\AppData\Local\Microsoft\WindowsApps;C:\Users\User\AppData\Roaming\Composer\vendor\bin
USERNAME=User
OS=Windows_NT
PROCESSOR_IDENTIFIER=Intel64 Family 6 Model 142 Stepping 9, GenuineIntel



---------------  S Y S T E M  ---------------

OS: Windows 10.0 , 64 bit Build 14393 (10.0.14393.0)

CPU:total 4 (2 cores per cpu, 2 threads per core) family 6 model 142 stepping 9, cmov, cx8, fxsr, mmx, sse, sse2, sse3, ssse3, sse4.1, sse4.2, popcnt, avx, avx2, aes, clmul, erms, 3dnowpref, lzcnt, ht, tsc, tscinvbit, bmi1, bmi2, adx

Memory: 4k page, physical 8253572k(1171408k free), swap 12150916k(5900k free)

vm_info: OpenJDK 64-Bit Server VM (25.112-b06) for windows-amd64 JRE (1.8.0_112-release-b06), built on Dec  8 2016 00:54:26 by "builder" with MS VC++ 10.0 (VS2010)

time: Fri May 05 23:34:12 2017
elapsed time: 2 seconds (0d 0h 0m 2s)

