#
# There is insufficient memory for the Java Runtime Environment to continue.
# Native memory allocation (malloc) failed to allocate 65552 bytes for Chunk::new
# Possible reasons:
#   The system is out of physical RAM or swap space
#   In 32 bit mode, the process size limit was hit
# Possible solutions:
#   Reduce memory load on the system
#   Increase physical memory or swap space
#   Check if swap backing store is full
#   Use 64 bit Java on a 64 bit OS
#   Decrease Java heap size (-Xmx/-Xms)
#   Decrease number of Java threads
#   Decrease Java thread stack sizes (-Xss)
#   Set larger code cache with -XX:ReservedCodeCacheSize=
# This output file may be truncated or incomplete.
#
#  Out of Memory Error (allocation.cpp:390), pid=10728, tid=0x0000000000001e18
#
# JRE version: OpenJDK Runtime Environment (8.0_112-b06) (build 1.8.0_112-release-b06)
# Java VM: OpenJDK 64-Bit Server VM (25.112-b06 mixed mode windows-amd64 compressed oops)
# Failed to write core dump. Minidumps are not enabled by default on client versions of Windows
#

---------------  T H R E A D  ---------------

Current thread (0x00000000156e8000):  JavaThread "C2 CompilerThread1" daemon [_thread_in_native, id=7704, stack(0x0000000016e30000,0x0000000016f30000)]

Stack: [0x0000000016e30000,0x0000000016f30000]
[error occurred during error reporting (printing stack bounds), id 0xc0000005]

Native frames: (J=compiled Java code, j=interpreted, Vv=VM code, C=native code)


Current CompileTask:
C2:   2095 1035       4       com.android.dx.ssa.SCCP::simulateStmt (481 bytes)


---------------  P R O C E S S  ---------------

Java Threads: ( => current thread )
  0x0000000017304000 JavaThread "pool-2-thread-4" [_thread_in_Java, id=8320, stack(0x0000000017a30000,0x0000000017b30000)]
  0x000000001721d800 JavaThread "pool-2-thread-3" [_thread_blocked, id=11976, stack(0x0000000017930000,0x0000000017a30000)]
  0x000000001719d800 JavaThread "pool-2-thread-2" [_thread_in_vm, id=4420, stack(0x0000000017830000,0x0000000017930000)]
  0x000000001718d800 JavaThread "pool-3-thread-1" [_thread_blocked, id=9864, stack(0x0000000017730000,0x0000000017830000)]
  0x000000001718c000 JavaThread "pool-2-thread-1" [_thread_blocked, id=7100, stack(0x0000000017630000,0x0000000017730000)]
  0x0000000017054000 JavaThread "Service Thread" daemon [_thread_blocked, id=11692, stack(0x0000000017430000,0x0000000017530000)]
  0x000000001574c000 JavaThread "C1 CompilerThread2" daemon [_thread_blocked, id=10636, stack(0x0000000016f30000,0x0000000017030000)]
=>0x00000000156e8000 JavaThread "C2 CompilerThread1" daemon [_thread_in_native, id=7704, stack(0x0000000016e30000,0x0000000016f30000)]
  0x00000000156f7800 JavaThread "C2 CompilerThread0" daemon [_thread_in_native, id=9736, stack(0x0000000016d30000,0x0000000016e30000)]
  0x00000000156f6000 JavaThread "Attach Listener" daemon [_thread_blocked, id=200, stack(0x0000000016c30000,0x0000000016d30000)]
  0x00000000156f4800 JavaThread "Signal Dispatcher" daemon [_thread_blocked, id=3124, stack(0x0000000016b30000,0x0000000016c30000)]
  0x000000000301a000 JavaThread "Finalizer" daemon [_thread_blocked, id=8764, stack(0x0000000016940000,0x0000000016a40000)]
  0x000000000300f800 JavaThread "Reference Handler" daemon [_thread_blocked, id=4776, stack(0x0000000016840000,0x0000000016940000)]
  0x0000000002f20800 JavaThread "main" [_thread_in_native, id=11092, stack(0x0000000002de0000,0x0000000002ee0000)]

Other Threads:
  0x00000000156b6800 VMThread [stack: 0x0000000016740000,0x0000000016840000] [id=10144]
  0x0000000017048800 WatcherThread [stack: 0x0000000017530000,0x0000000017630000] [id=4812]

VM state:not at safepoint (normal execution)

VM Mutex/Monitor currently owned by a thread: None

Heap:
 PSYoungGen      total 37888K, used 26930K [0x00000000eab00000, 0x00000000ed500000, 0x0000000100000000)
  eden space 32768K, 66% used [0x00000000eab00000,0x00000000ec04d9f8,0x00000000ecb00000)
  from space 5120K, 99% used [0x00000000ecb00000,0x00000000ecffee18,0x00000000ed000000)
  to   space 5120K, 0% used [0x00000000ed000000,0x00000000ed000000,0x00000000ed500000)
 ParOldGen       total 86016K, used 8279K [0x00000000c0000000, 0x00000000c5400000, 0x00000000eab00000)
  object space 86016K, 9% used [0x00000000c0000000,0x00000000c0815c98,0x00000000c5400000)
 Metaspace       used 5590K, capacity 6768K, committed 7040K, reserved 1056768K
  class space    used 553K, capacity 616K, committed 640K, reserved 1048576K

Card table byte_map: [0x00000000123e0000,0x00000000125f0000] byte_map_base: 0x0000000011de0000

Marking Bits: (ParMarkBitMap*) 0x00000000555d18f0
 Begin Bits: [0x0000000012b50000, 0x0000000013b50000)
 End Bits:   [0x0000000013b50000, 0x0000000014b50000)

Polling page: 0x0000000002d50000

CodeCache: size=245760Kb used=4758Kb max_used=4787Kb free=241001Kb
 bounds [0x0000000003020000, 0x00000000034e0000, 0x0000000012020000]
 total_blobs=1329 nmethods=1069 adapters=174
 compilation: enabled

Compilation events (10 events):
Event: 2.037 Thread 0x00000000156e8000 nmethod 1063 0x000000000339c190 code [0x000000000339c2c0, 0x000000000339c338]
Event: 2.038 Thread 0x00000000156e8000 1040       4       com.android.dx.ssa.SsaMethod$1::visitNonMoveInsn (26 bytes)
Event: 2.039 Thread 0x00000000156e8000 nmethod 1040 0x00000000034a8350 code [0x00000000034a84a0, 0x00000000034a8598]
Event: 2.039 Thread 0x00000000156e8000 1039       4       com.android.dx.ssa.SsaMethod$2::visitNonMoveInsn (6 bytes)
Event: 2.039 Thread 0x00000000156e8000 nmethod 1039 0x0000000003470f10 code [0x0000000003471060, 0x00000000034710e8]
Event: 2.039 Thread 0x00000000156e8000 1074       4       com.android.dx.rop.code.RegisterSpecList::<init> (6 bytes)
Event: 2.040 Thread 0x00000000156e8000 nmethod 1074 0x00000000034a35d0 code [0x00000000034a3720, 0x00000000034a3878]
Event: 2.040 Thread 0x00000000156e8000 1061       4       java.util.Collections$UnmodifiableCollection$1::next (10 bytes)
Event: 2.042 Thread 0x00000000156e8000 nmethod 1061 0x00000000034a3110 code [0x00000000034a3260, 0x00000000034a33b8]
Event: 2.042 Thread 0x00000000156e8000 1035       4       com.android.dx.ssa.SCCP::simulateStmt (481 bytes)

GC Heap History (2 events):
Event: 1.567 GC heap before
{Heap before GC invocations=1 (full 0):
 PSYoungGen      total 37888K, used 32768K [0x00000000eab00000, 0x00000000ed500000, 0x0000000100000000)
  eden space 32768K, 100% used [0x00000000eab00000,0x00000000ecb00000,0x00000000ecb00000)
  from space 5120K, 0% used [0x00000000ed000000,0x00000000ed000000,0x00000000ed500000)
  to   space 5120K, 0% used [0x00000000ecb00000,0x00000000ecb00000,0x00000000ed000000)
 ParOldGen       total 86016K, used 0K [0x00000000c0000000, 0x00000000c5400000, 0x00000000eab00000)
  object space 86016K, 0% used [0x00000000c0000000,0x00000000c0000000,0x00000000c5400000)
 Metaspace       used 5542K, capacity 6768K, committed 7040K, reserved 1056768K
  class space    used 550K, capacity 616K, committed 640K, reserved 1048576K
Event: 1.639 GC heap after
Heap after GC invocations=1 (full 0):
 PSYoungGen      total 37888K, used 5115K [0x00000000eab00000, 0x00000000ed500000, 0x0000000100000000)
  eden space 32768K, 0% used [0x00000000eab00000,0x00000000eab00000,0x00000000ecb00000)
  from space 5120K, 99% used [0x00000000ecb00000,0x00000000ecffee18,0x00000000ed000000)
  to   space 5120K, 0% used [0x00000000ed000000,0x00000000ed000000,0x00000000ed500000)
 ParOldGen       total 86016K, used 8279K [0x00000000c0000000, 0x00000000c5400000, 0x00000000eab00000)
  object space 86016K, 9% used [0x00000000c0000000,0x00000000c0815c98,0x00000000c5400000)
 Metaspace       used 5542K, capacity 6768K, committed 7040K, reserved 1056768K
  class space    used 550K, capacity 616K, committed 640K, reserved 1048576K
}

Deoptimization events (10 events):
Event: 0.706 Thread 0x0000000002f20800 Uncommon trap: reason=unstable_if action=reinterpret pc=0x00000000031f0710 method=java.lang.String.<init>([CII)V @ 18
Event: 0.770 Thread 0x000000001719d800 Uncommon trap: reason=unstable_if action=reinterpret pc=0x00000000032f440c method=com.android.dx.rop.code.RegisterSpec.equals(ILcom/android/dx/rop/type/TypeBearer;Lcom/android/dx/rop/code/LocalItem;)Z @ 16
Event: 0.778 Thread 0x000000001719d800 Uncommon trap: reason=unstable_if action=reinterpret pc=0x00000000032260f0 method=java.util.BitSet.nextSetBit(I)I @ 87
Event: 1.296 Thread 0x0000000017304000 Uncommon trap: reason=class_check action=maybe_recompile pc=0x00000000033631c8 method=com.android.dx.cf.code.BytecodeArray.parseInstruction(ILcom/android/dx/cf/code/BytecodeArray$Visitor;)I @ 1287
Event: 1.296 Thread 0x0000000017304000 Uncommon trap: reason=class_check action=maybe_recompile pc=0x00000000033631c8 method=com.android.dx.cf.code.BytecodeArray.parseInstruction(ILcom/android/dx/cf/code/BytecodeArray$Visitor;)I @ 1287
Event: 1.495 Thread 0x000000001721d800 Uncommon trap: reason=unstable_if action=reinterpret pc=0x00000000033e4920 method=com.android.dx.cf.code.RopperMachine.run(Lcom/android/dx/cf/code/Frame;II)V @ 1429
Event: 1.560 Thread 0x000000001719d800 Uncommon trap: reason=class_check action=maybe_recompile pc=0x00000000033631c8 method=com.android.dx.cf.code.BytecodeArray.parseInstruction(ILcom/android/dx/cf/code/BytecodeArray$Visitor;)I @ 1287
Event: 1.560 Thread 0x000000001719d800 Uncommon trap: reason=class_check action=maybe_recompile pc=0x00000000033631c8 method=com.android.dx.cf.code.BytecodeArray.parseInstruction(ILcom/android/dx/cf/code/BytecodeArray$Visitor;)I @ 1287
Event: 1.791 Thread 0x000000001718c000 Uncommon trap: reason=unstable_if action=reinterpret pc=0x000000000344ea84 method=com.android.dx.rop.code.RegisterSpecSet.size()I @ 30
Event: 1.840 Thread 0x000000001718c000 Uncommon trap: reason=class_check action=maybe_recompile pc=0x00000000033cf584 method=com.android.dx.ssa.NormalSsaInsn.accept(Lcom/android/dx/ssa/SsaInsn$Visitor;)V @ 9

Internal exceptions (2 events):
Event: 0.184 Thread 0x0000000002f20800 Exception <a 'java/lang/NoSuchMethodError': Method sun.misc.Unsafe.defineClass(Ljava/lang/String;[BII)Ljava/lang/Class; name or signature does not match> (0x00000000eab07c78) thrown at [C:\src\android\AOSP-openjdk\external\jetbrains\jdk\hotspot\src\share\vßcΩ£Å«?
Event: 0.184 Thread 0x0000000002f20800 Exception <a 'java/lang/NoSuchMethodError': Method sun.misc.Unsafe.prefetchRead(Ljava/lang/Object;J)V name or signature does not match> (0x00000000eab07f60) thrown at [C:\src\android\AOSP-openjdk\external\jetbrains\jdk\hotspot\src\share\vm\prims\jni.cpp, l

Events (10 events):
Event: 1.791 Thread 0x000000001718c000 DEOPT UNPACKING pc=0x000000000306556a sp=0x000000001772e490 mode 2
Event: 1.838 loading class java/util/TreeMap$EntrySet
Event: 1.838 loading class java/util/TreeMap$EntrySet done
Event: 1.838 loading class java/util/TreeMap$EntryIterator
Event: 1.838 loading class java/util/TreeMap$EntryIterator done
Event: 1.840 Thread 0x000000001718c000 Uncommon trap: trap_request=0xffffffde fr.pc=0x00000000033cf584
Event: 1.840 Thread 0x000000001718c000 DEOPT PACKING pc=0x00000000033cf584 sp=0x000000001772e4a0
Event: 1.840 Thread 0x000000001718c000 DEOPT UNPACKING pc=0x000000000306556a sp=0x000000001772e420 mode 2
Event: 1.863 Thread 0x0000000017304000 DEOPT PACKING pc=0x0000000003483c40 sp=0x0000000017b2ea40
Event: 1.863 Thread 0x0000000017304000 DEOPT UNPACKING pc=0x00000000030675bf sp=0x0000000017b2e7e8 mode 0


Dynamic libraries:
0x00007ff7a4d30000 - 0x00007ff7a4d61000 	D:\cs\android studio\jre\bin\java.exe
0x00007ffe252a0000 - 0x00007ffe25471000 	C:\WINDOWS\SYSTEM32\ntdll.dll
0x00007ffe24380000 - 0x00007ffe2442b000 	C:\WINDOWS\System32\KERNEL32.DLL
0x00007ffe21b80000 - 0x00007ffe21d9d000 	C:\WINDOWS\System32\KERNELBASE.dll
0x00007ffe24bd0000 - 0x00007ffe24c72000 	C:\WINDOWS\System32\ADVAPI32.dll
0x00007ffe24c90000 - 0x00007ffe24d2e000 	C:\WINDOWS\System32\msvcrt.dll
0x00007ffe22830000 - 0x00007ffe22889000 	C:\WINDOWS\System32\sechost.dll
0x00007ffe24da0000 - 0x00007ffe24ec1000 	C:\WINDOWS\System32\RPCRT4.dll
0x00007ffe25130000 - 0x00007ffe25295000 	C:\WINDOWS\System32\USER32.dll
0x00007ffe22530000 - 0x00007ffe2254e000 	C:\WINDOWS\System32\win32u.dll
0x00007ffe24f90000 - 0x00007ffe24fc4000 	C:\WINDOWS\System32\GDI32.dll
0x00007ffe22550000 - 0x00007ffe226d2000 	C:\WINDOWS\System32\gdi32full.dll
0x00007ffe11ad0000 - 0x00007ffe11d4a000 	C:\WINDOWS\WinSxS\amd64_microsoft.windows.common-controls_6595b64144ccf1df_6.0.14393.953_none_42151e83c686086b\COMCTL32.dll
0x00007ffe23e30000 - 0x00007ffe240f8000 	C:\WINDOWS\System32\combase.dll
0x00007ffe226e0000 - 0x00007ffe227d5000 	C:\WINDOWS\System32\ucrtbase.dll
0x00007ffe21840000 - 0x00007ffe218aa000 	C:\WINDOWS\System32\bcryptPrimitives.dll
0x00007ffe22890000 - 0x00007ffe228be000 	C:\WINDOWS\System32\IMM32.DLL
0x0000000054d30000 - 0x0000000054e02000 	D:\cs\android studio\jre\jre\bin\msvcr100.dll
0x0000000054e10000 - 0x000000005564c000 	D:\cs\android studio\jre\jre\bin\server\jvm.dll
0x00007ffe24c80000 - 0x00007ffe24c88000 	C:\WINDOWS\System32\PSAPI.DLL
0x00007ffe10210000 - 0x00007ffe10219000 	C:\WINDOWS\SYSTEM32\WSOCK32.dll
0x00007ffe24b60000 - 0x00007ffe24bca000 	C:\WINDOWS\System32\WS2_32.dll
0x00007ffe1f260000 - 0x00007ffe1f283000 	C:\WINDOWS\SYSTEM32\WINMM.dll
0x00007ffe1c450000 - 0x00007ffe1c45a000 	C:\WINDOWS\SYSTEM32\VERSION.dll
0x00007ffe1ee20000 - 0x00007ffe1ee4b000 	C:\WINDOWS\SYSTEM32\WINMMBASE.dll
0x00007ffe227e0000 - 0x00007ffe22822000 	C:\WINDOWS\System32\cfgmgr32.dll
0x00007ffe1f9f0000 - 0x00007ffe1f9ff000 	D:\cs\android studio\jre\jre\bin\verify.dll
0x00007ffe147f0000 - 0x00007ffe14819000 	D:\cs\android studio\jre\jre\bin\java.dll
0x00007ffe19240000 - 0x00007ffe19256000 	D:\cs\android studio\jre\jre\bin\zip.dll
0x00007ffe22920000 - 0x00007ffe23e28000 	C:\WINDOWS\System32\SHELL32.dll
0x00007ffe21e50000 - 0x00007ffe2252a000 	C:\WINDOWS\System32\windows.storage.dll
0x00007ffe21730000 - 0x00007ffe2177c000 	C:\WINDOWS\System32\powrprof.dll
0x00007ffe228c0000 - 0x00007ffe22912000 	C:\WINDOWS\System32\shlwapi.dll
0x00007ffe21780000 - 0x00007ffe2178f000 	C:\WINDOWS\System32\kernel.appcore.dll
0x00007ffe21da0000 - 0x00007ffe21e49000 	C:\WINDOWS\System32\shcore.dll
0x00007ffe21700000 - 0x00007ffe21714000 	C:\WINDOWS\System32\profapi.dll

VM Arguments:
jvm_args: -Djava.awt.headless=true -Xmx1024M -Dfile.encoding=windows-1252 -Duser.country=US -Duser.language=en -Duser.variant 
java_command: com.android.dx.command.Main --dex --force-jumbo --num-threads=4 --multi-dex --output D:\cs\projects\android\updated_android_admission\admisson\app\build\intermediates\transforms\dex\debug\folders\1000\5\slice_8 D:\cs\projects\android\updated_android_admission\admisson\app\build\intermediates\transforms\instantRunSlicer\debug\folders\1\5\slice_8
java_class_path (initial): C:\Users\User\AppData\Local\Android\Sdk\build-tools\25.0.0\lib\dx.jar
Launcher Type: SUN_STANDARD

Environment Variables:
PATH=C:\Program Files (x86)\Intel\iCLS Client\;C:\Program Files\Intel\iCLS Client\;C:\WINDOWS\system32;C:\WINDOWS;C:\WINDOWS\System32\Wbem;C:\WINDOWS\System32\WindowsPowerShell\v1.0\;C:\Program Files (x86)\NVIDIA Corporation\PhysX\Common;C:\Program Files (x86)\Intel\Intel(R) Management Engine Components\DAL;C:\Program Files\Intel\Intel(R) Management Engine Components\DAL;C:\Program Files (x86)\Intel\Intel(R) Management Engine Components\IPT;C:\Program Files\Intel\Intel(R) Management Engine Components\IPT;C:\Program Files\Git\cmd;C:\Program Files\Microsoft SQL Server\130\Tools\Binn\;C:\WINDOWS\system32\config\systemprofile\.dnx\bin;C:\Program Files\Microsoft DNX\Dnvm\;D:\program files\MikText\miktex\bin\;C:\WINDOWS\system32;C:\WINDOWS;C:\WINDOWS\System32\Wbem;C:\WINDOWS\System32\WindowsPowerShell\v1.0\;C:\Program Files (x86)\MiKTeX 2.9\miktex\bin\;D:\cs\xamp\php;C:\ProgramData\ComposerSetup\bin;D:\cs\anaconda;D:\cs\anaconda\Scripts;D:\cs\anaconda\Library\bin;C:\Users\User\AppData\Local\Microsoft\WindowsApps;C:\Users\User\AppData\Roaming\Composer\vendor\bin
USERNAME=User
OS=Windows_NT
PROCESSOR_IDENTIFIER=Intel64 Family 6 Model 142 Stepping 9, GenuineIntel



---------------  S Y S T E M  ---------------

OS: Windows 10.0 , 64 bit Build 14393 (10.0.14393.0)

CPU:total 4 (2 cores per cpu, 2 threads per core) family 6 model 142 stepping 9, cmov, cx8, fxsr, mmx, sse, sse2, sse3, ssse3, sse4.1, sse4.2, popcnt, avx, avx2, aes, clmul, erms, 3dnowpref, lzcnt, ht, tsc, tscinvbit, bmi1, bmi2, adx

Memory: 4k page, physical 8253572k(1172564k free), swap 12150916k(8132k free)

vm_info: OpenJDK 64-Bit Server VM (25.112-b06) for windows-amd64 JRE (1.8.0_112-release-b06), built on Dec  8 2016 00:54:26 by "builder" with MS VC++ 10.0 (VS2010)

time: Fri May 05 23:34:12 2017
elapsed time: 2 seconds (0d 0h 0m 2s)

