#
# There is insufficient memory for the Java Runtime Environment to continue.
# Native memory allocation (malloc) failed to allocate 1048576 bytes for AllocateHeap
# Possible reasons:
#   The system is out of physical RAM or swap space
#   In 32 bit mode, the process size limit was hit
# Possible solutions:
#   Reduce memory load on the system
#   Increase physical memory or swap space
#   Check if swap backing store is full
#   Use 64 bit Java on a 64 bit OS
#   Decrease Java heap size (-Xmx/-Xms)
#   Decrease number of Java threads
#   Decrease Java thread stack sizes (-Xss)
#   Set larger code cache with -XX:ReservedCodeCacheSize=
# This output file may be truncated or incomplete.
#
#  Out of Memory Error (memory/allocation.inline.hpp:61), pid=10684, tid=0x0000000000002614
#
# JRE version:  (8.0_112-b06) (build )
# Java VM: OpenJDK 64-Bit Server VM (25.112-b06 mixed mode windows-amd64 compressed oops)
# Failed to write core dump. Minidumps are not enabled by default on client versions of Windows
#

---------------  T H R E A D  ---------------

Current thread (0x0000000003010800):  JavaThread "Unknown thread" [_thread_in_vm, id=9748, stack(0x0000000002f10000,0x0000000003010000)]

Stack: [0x0000000002f10000,0x0000000003010000]
[error occurred during error reporting (printing stack bounds), id 0xc0000005]

Native frames: (J=compiled Java code, j=interpreted, Vv=VM code, C=native code)


---------------  P R O C E S S  ---------------

Java Threads: ( => current thread )

Other Threads:

=>0x0000000003010800 (exited) JavaThread "Unknown thread" [_thread_in_vm, id=9748, stack(0x0000000002f10000,0x0000000003010000)]

VM state:not at safepoint (normal execution)

VM Mutex/Monitor currently owned by a thread: None

Heap:
 PSYoungGen      total 37888K, used 655K [0x00000000eab00000, 0x00000000ed500000, 0x0000000100000000)
  eden space 32768K, 2% used [0x00000000eab00000,0x00000000eaba3d80,0x00000000ecb00000)
  from space 5120K, 0% used [0x00000000ed000000,0x00000000ed000000,0x00000000ed500000)
  to   space 5120K, 0% used [0x00000000ecb00000,0x00000000ecb00000,0x00000000ed000000)
 ParOldGen       total 86016K, used 0K [0x00000000c0000000, 0x00000000c5400000, 0x00000000eab00000)
  object space 86016K, 0% used [0x00000000c0000000,0x00000000c0000000,0x00000000c5400000)
 Metaspace       used 772K, capacity 4480K, committed 4480K, reserved 1056768K
  class space    used 73K, capacity 384K, committed 384K, reserved 1048576K

Card table byte_map: [0x00000000124d0000,0x00000000126e0000] byte_map_base: 0x0000000011ed0000

Marking Bits: (ParMarkBitMap*) 0x00000000555d18f0
 Begin Bits: [0x0000000012c40000, 0x0000000013c40000)
 End Bits:   [0x0000000013c40000, 0x0000000014c40000)

Polling page: 0x00000000016f0000

CodeCache: size=245760Kb used=328Kb max_used=328Kb free=245431Kb
 bounds [0x0000000003110000, 0x0000000003380000, 0x0000000012110000]
 total_blobs=57 nmethods=0 adapters=38
 compilation: enabled

Compilation events (0 events):
No events

GC Heap History (0 events):
No events

Deoptimization events (0 events):
No events

Internal exceptions (0 events):
No events

Events (10 events):
Event: 0.020 loading class java/lang/Short
Event: 0.020 loading class java/lang/Short done
Event: 0.020 loading class java/lang/Integer
Event: 0.020 loading class java/lang/Integer done
Event: 0.020 loading class java/lang/Long
Event: 0.020 loading class java/lang/Long done
Event: 0.021 loading class java/lang/NullPointerException
Event: 0.021 loading class java/lang/NullPointerException done
Event: 0.021 loading class java/lang/ArithmeticException
Event: 0.021 loading class java/lang/ArithmeticException done


Dynamic libraries:
0x00007ff7a4d30000 - 0x00007ff7a4d61000 	D:\cs\android studio\jre\bin\java.exe
0x00007ffe252a0000 - 0x00007ffe25471000 	C:\WINDOWS\SYSTEM32\ntdll.dll
0x00007ffe24380000 - 0x00007ffe2442b000 	C:\WINDOWS\System32\KERNEL32.DLL
0x00007ffe21b80000 - 0x00007ffe21d9d000 	C:\WINDOWS\System32\KERNELBASE.dll
0x00007ffe24bd0000 - 0x00007ffe24c72000 	C:\WINDOWS\System32\ADVAPI32.dll
0x00007ffe24c90000 - 0x00007ffe24d2e000 	C:\WINDOWS\System32\msvcrt.dll
0x00007ffe22830000 - 0x00007ffe22889000 	C:\WINDOWS\System32\sechost.dll
0x00007ffe24da0000 - 0x00007ffe24ec1000 	C:\WINDOWS\System32\RPCRT4.dll
0x00007ffe25130000 - 0x00007ffe25295000 	C:\WINDOWS\System32\USER32.dll
0x00007ffe22530000 - 0x00007ffe2254e000 	C:\WINDOWS\System32\win32u.dll
0x00007ffe24f90000 - 0x00007ffe24fc4000 	C:\WINDOWS\System32\GDI32.dll
0x00007ffe22550000 - 0x00007ffe226d2000 	C:\WINDOWS\System32\gdi32full.dll
0x00007ffe11ad0000 - 0x00007ffe11d4a000 	C:\WINDOWS\WinSxS\amd64_microsoft.windows.common-controls_6595b64144ccf1df_6.0.14393.953_none_42151e83c686086b\COMCTL32.dll
0x00007ffe23e30000 - 0x00007ffe240f8000 	C:\WINDOWS\System32\combase.dll
0x00007ffe226e0000 - 0x00007ffe227d5000 	C:\WINDOWS\System32\ucrtbase.dll
0x00007ffe21840000 - 0x00007ffe218aa000 	C:\WINDOWS\System32\bcryptPrimitives.dll
0x00007ffe22890000 - 0x00007ffe228be000 	C:\WINDOWS\System32\IMM32.DLL
0x0000000054d30000 - 0x0000000054e02000 	D:\cs\android studio\jre\jre\bin\msvcr100.dll
0x0000000054e10000 - 0x000000005564c000 	D:\cs\android studio\jre\jre\bin\server\jvm.dll
0x00007ffe24c80000 - 0x00007ffe24c88000 	C:\WINDOWS\System32\PSAPI.DLL
0x00007ffe10210000 - 0x00007ffe10219000 	C:\WINDOWS\SYSTEM32\WSOCK32.dll
0x00007ffe24b60000 - 0x00007ffe24bca000 	C:\WINDOWS\System32\WS2_32.dll
0x00007ffe1f260000 - 0x00007ffe1f283000 	C:\WINDOWS\SYSTEM32\WINMM.dll
0x00007ffe1c450000 - 0x00007ffe1c45a000 	C:\WINDOWS\SYSTEM32\VERSION.dll
0x00000000016a0000 - 0x00000000016cb000 	C:\WINDOWS\SYSTEM32\WINMMBASE.dll
0x00007ffe227e0000 - 0x00007ffe22822000 	C:\WINDOWS\System32\cfgmgr32.dll
0x00007ffe1f9f0000 - 0x00007ffe1f9ff000 	D:\cs\android studio\jre\jre\bin\verify.dll
0x00007ffe147f0000 - 0x00007ffe14819000 	D:\cs\android studio\jre\jre\bin\java.dll
0x00007ffe19240000 - 0x00007ffe19256000 	D:\cs\android studio\jre\jre\bin\zip.dll

VM Arguments:
jvm_args: -Djava.awt.headless=true -Xmx1024M -Dfile.encoding=windows-1252 -Duser.country=US -Duser.language=en -Duser.variant 
java_command: com.android.dx.command.Main --dex --force-jumbo --num-threads=4 --multi-dex --output D:\cs\projects\android\updated_android_admission\admisson\app\build\intermediates\transforms\dex\debug\folders\1000\5\slice_0 D:\cs\projects\android\updated_android_admission\admisson\app\build\intermediates\transforms\instantRunSlicer\debug\folders\1\5\slice_0
java_class_path (initial): C:\Users\User\AppData\Local\Android\Sdk\build-tools\25.0.0\lib\dx.jar
Launcher Type: SUN_STANDARD

Environment Variables:
PATH=C:\Program Files (x86)\Intel\iCLS Client\;C:\Program Files\Intel\iCLS Client\;C:\WINDOWS\system32;C:\WINDOWS;C:\WINDOWS\System32\Wbem;C:\WINDOWS\System32\WindowsPowerShell\v1.0\;C:\Program Files (x86)\NVIDIA Corporation\PhysX\Common;C:\Program Files (x86)\Intel\Intel(R) Management Engine Components\DAL;C:\Program Files\Intel\Intel(R) Management Engine Components\DAL;C:\Program Files (x86)\Intel\Intel(R) Management Engine Components\IPT;C:\Program Files\Intel\Intel(R) Management Engine Components\IPT;C:\Program Files\Git\cmd;C:\Program Files\Microsoft SQL Server\130\Tools\Binn\;C:\WINDOWS\system32\config\systemprofile\.dnx\bin;C:\Program Files\Microsoft DNX\Dnvm\;D:\program files\MikText\miktex\bin\;C:\WINDOWS\system32;C:\WINDOWS;C:\WINDOWS\System32\Wbem;C:\WINDOWS\System32\WindowsPowerShell\v1.0\;C:\Program Files (x86)\MiKTeX 2.9\miktex\bin\;D:\cs\xamp\php;C:\ProgramData\ComposerSetup\bin;D:\cs\anaconda;D:\cs\anaconda\Scripts;D:\cs\anaconda\Library\bin;C:\Users\User\AppData\Local\Microsoft\WindowsApps;C:\Users\User\AppData\Roaming\Composer\vendor\bin
USERNAME=User
OS=Windows_NT
PROCESSOR_IDENTIFIER=Intel64 Family 6 Model 142 Stepping 9, GenuineIntel



---------------  S Y S T E M  ---------------

OS: Windows 10.0 , 64 bit Build 14393 (10.0.14393.0)

CPU:total 4 (2 cores per cpu, 2 threads per core) family 6 model 142 stepping 9, cmov, cx8, fxsr, mmx, sse, sse2, sse3, ssse3, sse4.1, sse4.2, popcnt, avx, avx2, aes, clmul, erms, 3dnowpref, lzcnt, ht, tsc, tscinvbit, bmi1, bmi2, adx

Memory: 4k page, physical 8253572k(1239080k free), swap 12150916k(41628k free)

vm_info: OpenJDK 64-Bit Server VM (25.112-b06) for windows-amd64 JRE (1.8.0_112-release-b06), built on Dec  8 2016 00:54:26 by "builder" with MS VC++ 10.0 (VS2010)

time: Fri May 05 23:33:45 2017
elapsed time: 0 seconds (0d 0h 0m 0s)

